{"id":"f0fe38f7-b180-4542-9822-7d3076a99fe7","ts":"2025-11-11T18:21:08.347Z","type":"CreatePatient","patientId":"patient1","by":"admin"}
{"id":"7cfe9c8b-5e13-4ee4-9700-d3820140416f","ts":"2025-11-11T18:36:42.494Z","type":"AddRecord","patientId":"patient1","by":"iotclient","record":{"bp":"115/75","sugar":92,"temperature":36.6,"deviceId":"iotDevice01"}}
{"id":"17165f26-3cdc-4aaf-b9ff-317170d1ae13","ts":"2025-11-11T18:38:24.242Z","type":"AddRecord","patientId":"patient1","by":"iotclient","record":{"bp":"118/79","sugar":95,"temperature":36.7,"deviceId":"iotDevice01"}}
{"id":"52685187-57ea-43e1-b4b4-b3d815700e67","ts":"2025-11-11T18:38:26.372Z","type":"AddRecord","patientId":"patient1","by":"iotclient","record":{"bp":"120/80","sugar":102,"temperature":37,"deviceId":"iotDevice01"}}
{"id":"6f0735a4-81bc-456e-bc2e-ce02c13f64c1","ts":"2025-11-11T19:14:55.269Z","type":"CreatePatient","patientId":"patient1","by":"admin"}
{"id":"905cdd0e-d45c-4125-8588-808b228a3b20","ts":"2025-11-11T19:14:57.480Z","type":"AddRecord","patientId":"patient1","by":"iotclient","record":{"bp":"118/80","sugar":131,"temperature":37.5,"deviceId":"IoTDevice01","sourceTs":"2025-11-11T19:14:55.274748Z"}}
{"id":"b916e498-5fa5-4953-acc7-c63b83d1104c","ts":"2025-11-11T19:15:04.626Z","type":"AddRecord","patientId":"patient1","by":"iotclient","record":{"bp":"121/77","sugar":106,"temperature":38.4,"deviceId":"IoTDevice01","sourceTs":"2025-11-11T19:15:02.487277Z"}}
{"id":"81eb1e92-6ef0-4fff-a7bc-9302e34514e7","ts":"2025-11-11T19:15:11.783Z","type":"AddRecord","patientId":"patient1","by":"iotclient","record":{"bp":"126/70","sugar":147,"temperature":38.3,"deviceId":"IoTDevice01","sourceTs":"2025-11-11T19:15:09.634226Z"}}
{"id":"ed5b2e29-646e-436b-b5fb-5bbdc7199d29","ts":"2025-11-11T19:15:18.962Z","type":"AddRecord","patientId":"patient1","by":"iotclient","record":{"bp":"129/71","sugar":150,"temperature":37.5,"deviceId":"IoTDevice01","sourceTs":"2025-11-11T19:15:16.791446Z"}}
{"id":"89fccfff-f050-4182-8cfc-b58bc3793507","ts":"2025-11-11T19:15:26.174Z","type":"AddRecord","patientId":"patient1","by":"iotclient","record":{"bp":"130/84","sugar":138,"temperature":36.3,"deviceId":"IoTDevice01","sourceTs":"2025-11-11T19:15:23.971996Z"}}
{"id":"1ddd836f-67da-4715-8d5b-8c75009c5900","ts":"2025-11-11T19:15:33.380Z","type":"AddRecord","patientId":"patient1","by":"iotclient","record":{"bp":"115/73","sugar":114,"temperature":37.4,"deviceId":"IoTDevice01","sourceTs":"2025-11-11T19:15:31.178182Z"}}
{"id":"d0e5ff44-83cd-469b-9fe2-e88c317f8c7c","ts":"2025-11-11T19:15:40.530Z","type":"AddRecord","patientId":"patient1","by":"iotclient","record":{"bp":"115/73","sugar":132,"temperature":37.9,"deviceId":"IoTDevice01","sourceTs":"2025-11-11T19:15:38.386775Z"}}
{"id":"6ab2b983-0b76-48fb-9c24-cd66cb788259","ts":"2025-11-11T19:15:47.695Z","type":"AddRecord","patientId":"patient1","by":"iotclient","record":{"bp":"130/70","sugar":153,"temperature":36.4,"deviceId":"IoTDevice01","sourceTs":"2025-11-11T19:15:45.537238Z"}}
{"id":"f4b4a571-1e92-4d20-9ea8-3d61b70aaeed","ts":"2025-11-11T19:15:54.911Z","type":"AddRecord","patientId":"patient1","by":"iotclient","record":{"bp":"132/80","sugar":143,"temperature":37.9,"deviceId":"IoTDevice01","sourceTs":"2025-11-11T19:15:52.706199Z"}}
{"id":"922afdca-385b-405d-b3a0-e1bf66265582","ts":"2025-11-11T19:16:02.110Z","type":"AddRecord","patientId":"patient1","by":"iotclient","record":{"bp":"129/70","sugar":137,"temperature":37.7,"deviceId":"IoTDevice01","sourceTs":"2025-11-11T19:15:59.920811Z"}}
{"id":"1999ce4b-4742-48d8-9246-0d2b4663ee28","ts":"2025-11-11T20:53:47.929Z","type":"CreatePatient","patientId":"p-1762894425453","by":"admin"}
{"id":"8ad11faf-82f8-4e76-934c-0f45d9638809","ts":"2025-11-11T21:04:17.793Z","type":"AddRecord","patientId":"patient1","by":"iotclient","record":{"bp":"122/78","sugar":83,"temperature":36.9,"deviceId":"simulator","ts":"2025-11-11T21:04:15.571532+00:00"}}
{"id":"0d010cbb-7d63-4a9f-85cd-4cbd51a9c499","ts":"2025-11-11T21:04:20.170Z","type":"AddRecord","patientId":"p-1762894425453","by":"iotclient","record":{"bp":"125/72","sugar":154,"temperature":38.6,"deviceId":"simulator","ts":"2025-11-11T21:04:18.001923+00:00"}}
{"id":"4ce5f530-c63d-466a-8af2-bc66aec909eb","ts":"2025-11-11T21:04:27.546Z","type":"AddRecord","patientId":"patient1","by":"iotclient","record":{"bp":"125/84","sugar":135,"temperature":36.2,"deviceId":"simulator","ts":"2025-11-11T21:04:25.385314+00:00"}}
{"id":"34a4c6d5-c574-4bde-a7aa-bf274eb66a07","ts":"2025-11-11T21:04:30.080Z","type":"AddRecord","patientId":"p-1762894425453","by":"iotclient","record":{"bp":"125/94","sugar":117,"temperature":36.5,"deviceId":"simulator","ts":"2025-11-11T21:04:27.753203+00:00"}}
{"id":"e4540b97-a947-4d05-8da7-30a0e3cf968a","ts":"2025-11-11T21:04:37.493Z","type":"AddRecord","patientId":"patient1","by":"iotclient","record":{"bp":"140/80","sugar":172,"temperature":37.2,"deviceId":"simulator","ts":"2025-11-11T21:04:35.311679+00:00"}}
{"id":"e42b2a99-de33-43fb-8946-cfb3a802446c","ts":"2025-11-11T21:04:39.943Z","type":"AddRecord","patientId":"p-1762894425453","by":"iotclient","record":{"bp":"134/76","sugar":74,"temperature":38.1,"deviceId":"simulator","ts":"2025-11-11T21:04:37.702000+00:00"}}
{"id":"8401b762-212f-4626-9ebb-d89bf3950b19","ts":"2025-11-11T21:04:47.363Z","type":"AddRecord","patientId":"patient1","by":"iotclient","record":{"bp":"120/71","sugar":87,"temperature":36.7,"deviceId":"simulator","ts":"2025-11-11T21:04:45.170458+00:00"}}
{"id":"b99eb130-75f0-47e5-ace4-f6a27c17adb7","ts":"2025-11-11T21:04:49.714Z","type":"AddRecord","patientId":"p-1762894425453","by":"iotclient","record":{"bp":"124/69","sugar":119,"temperature":38.1,"deviceId":"simulator","ts":"2025-11-11T21:04:47.571185+00:00"}}
{"id":"8304f391-9e10-47b6-bb74-5917a5f478f5","ts":"2025-11-11T21:04:57.075Z","type":"AddRecord","patientId":"patient1","by":"iotclient","record":{"bp":"127/95","sugar":163,"temperature":38.2,"deviceId":"simulator","ts":"2025-11-11T21:04:54.929965+00:00"}}
{"id":"f7e50c5b-7dcb-40e5-a899-a6697c8f294c","ts":"2025-11-11T21:04:59.478Z","type":"AddRecord","patientId":"p-1762894425453","by":"iotclient","record":{"bp":"110/69","sugar":167,"temperature":36.5,"deviceId":"simulator","ts":"2025-11-11T21:04:57.291450+00:00"}}
{"id":"7f144ee8-3138-48b8-9219-14f1f0b5a30b","ts":"2025-11-11T21:05:06.885Z","type":"AddRecord","patientId":"patient1","by":"iotclient","record":{"bp":"132/81","sugar":84,"temperature":36.6,"deviceId":"simulator","ts":"2025-11-11T21:05:04.703510+00:00"}}
{"id":"416c57b2-05de-4bf9-90df-bf15d2c7a839","ts":"2025-11-11T21:05:09.311Z","type":"AddRecord","patientId":"p-1762894425453","by":"iotclient","record":{"bp":"116/70","sugar":86,"temperature":37.1,"deviceId":"simulator","ts":"2025-11-11T21:05:07.104470+00:00"}}
{"id":"7aa8bbea-25ef-4ef7-8341-7160fe72f7ad","ts":"2025-11-11T21:06:25.724Z","type":"CreatePatient","patientId":"p-1762895183518","by":"admin"}
{"id":"e257b101-b878-4b72-838c-86441810cd59","ts":"2025-11-11T21:07:08.676Z","type":"AddRecord","patientId":"patient1","by":"iotclient","record":{"bp":"132/69","sugar":84,"temperature":36.7,"deviceId":"simulator","ts":"2025-11-11T21:07:06.518650+00:00"}}
{"id":"de34cc61-4036-4bc8-97d0-2c69a1c180b5","ts":"2025-11-11T21:07:11.023Z","type":"AddRecord","patientId":"p-1762894425453","by":"iotclient","record":{"bp":"139/68","sugar":111,"temperature":38.1,"deviceId":"simulator","ts":"2025-11-11T21:07:08.881223+00:00"}}
{"id":"9964f005-9a43-4bc8-9b3b-8c4f0aa38ec0","ts":"2025-11-11T21:07:13.365Z","type":"AddRecord","patientId":"p-1762895183518","by":"iotclient","record":{"bp":"134/91","sugar":116,"temperature":36.2,"deviceId":"simulator","ts":"2025-11-11T21:07:11.230021+00:00"}}
{"id":"9b357e41-dadd-4e5f-be1c-32bb8be94bda","ts":"2025-11-12T03:38:22.559Z","type":"CreatePatient","patientId":"raj01","by":"admin"}
{"id":"6a93006c-727f-4ed9-990d-084eb366de2d","ts":"2025-11-12T03:50:37.799Z","type":"AddRecord","patientId":"patient1","by":"iotclient","record":{"bp":"116/87","sugar":176,"temperature":37.4,"deviceId":"simulator","ts":"2025-11-12T03:50:35.596452+00:00"}}
{"id":"b43a2d09-621f-4021-ac55-32fc438f2bc9","ts":"2025-11-12T03:50:40.137Z","type":"AddRecord","patientId":"p-1762894425453","by":"iotclient","record":{"bp":"124/75","sugar":180,"temperature":37.1,"deviceId":"simulator","ts":"2025-11-12T03:50:38.008388+00:00"}}
{"id":"165d63ad-92e4-4095-887a-7a57178a285a","ts":"2025-11-12T03:50:42.492Z","type":"AddRecord","patientId":"p-1762895183518","by":"iotclient","record":{"bp":"123/88","sugar":123,"temperature":36.3,"deviceId":"simulator","ts":"2025-11-12T03:50:40.342326+00:00"}}
{"id":"a3464753-46c1-4707-bffc-e514f31a038e","ts":"2025-11-12T03:50:44.856Z","type":"AddRecord","patientId":"raj01","by":"iotclient","record":{"bp":"134/66","sugar":132,"temperature":37.6,"deviceId":"simulator","ts":"2025-11-12T03:50:42.698472+00:00"}}
{"id":"5a90fd6a-03d8-40b2-805d-f479fa5919ae","ts":"2025-11-12T03:50:52.204Z","type":"AddRecord","patientId":"patient1","by":"iotclient","record":{"bp":"130/88","sugar":88,"temperature":37.9,"deviceId":"simulator","ts":"2025-11-12T03:50:50.067112+00:00"}}
{"id":"6f0107e5-93dc-4964-a8d9-65036838ac04","ts":"2025-11-12T03:50:54.551Z","type":"AddRecord","patientId":"p-1762894425453","by":"iotclient","record":{"bp":"139/84","sugar":170,"temperature":37.3,"deviceId":"simulator","ts":"2025-11-12T03:50:52.411195+00:00"}}
{"id":"f2b0d7ab-653b-40c3-94e8-a1e867acaa46","ts":"2025-11-12T03:50:56.943Z","type":"AddRecord","patientId":"p-1762895183518","by":"iotclient","record":{"bp":"113/80","sugar":94,"temperature":37.5,"deviceId":"simulator","ts":"2025-11-12T03:50:54.765098+00:00"}}
{"id":"1c57ddf7-8303-4c75-8e22-d8d88f1a6500","ts":"2025-11-12T03:50:59.305Z","type":"AddRecord","patientId":"raj01","by":"iotclient","record":{"bp":"132/95","sugar":78,"temperature":37.4,"deviceId":"simulator","ts":"2025-11-12T03:50:57.147483+00:00"}}
{"id":"ede93897-2f59-4fb2-bbb3-bc0e3fb1f065","ts":"2025-11-12T03:51:06.758Z","type":"AddRecord","patientId":"patient1","by":"iotclient","record":{"bp":"134/85","sugar":166,"temperature":36.9,"deviceId":"simulator","ts":"2025-11-12T03:51:04.542939+00:00"}}
{"id":"6dcc06d9-648b-44fd-9ec8-e143942cf34d","ts":"2025-11-12T03:51:09.474Z","type":"AddRecord","patientId":"p-1762894425453","by":"iotclient","record":{"bp":"116/73","sugar":107,"temperature":37.1,"deviceId":"simulator","ts":"2025-11-12T03:51:06.981637+00:00"}}
{"id":"9708deaa-1903-4885-b8d0-73db0e800838","ts":"2025-11-12T03:51:11.886Z","type":"AddRecord","patientId":"p-1762895183518","by":"iotclient","record":{"bp":"132/87","sugar":75,"temperature":38.3,"deviceId":"simulator","ts":"2025-11-12T03:51:09.685881+00:00"}}
{"id":"1223b940-424e-4884-9d84-3ea828448ae8","ts":"2025-11-12T03:51:14.288Z","type":"AddRecord","patientId":"raj01","by":"iotclient","record":{"bp":"130/79","sugar":169,"temperature":36.9,"deviceId":"simulator","ts":"2025-11-12T03:51:12.094071+00:00"}}
{"id":"e69bd85b-7c45-46ba-9192-8a7eb7307fee","ts":"2025-11-12T03:51:21.654Z","type":"AddRecord","patientId":"patient1","by":"iotclient","record":{"bp":"135/76","sugar":142,"temperature":36.8,"deviceId":"simulator","ts":"2025-11-12T03:51:19.507418+00:00"}}
{"id":"2b76a8ee-1c4d-4546-b635-e96ce57f2e7c","ts":"2025-11-12T03:51:24.021Z","type":"AddRecord","patientId":"p-1762894425453","by":"iotclient","record":{"bp":"139/91","sugar":157,"temperature":38.5,"deviceId":"simulator","ts":"2025-11-12T03:51:21.866761+00:00"}}
{"id":"d490aace-25e4-4991-89d1-e5f71c570a3b","ts":"2025-11-12T03:51:26.372Z","type":"AddRecord","patientId":"p-1762895183518","by":"iotclient","record":{"bp":"129/83","sugar":180,"temperature":37.6,"deviceId":"simulator","ts":"2025-11-12T03:51:24.228471+00:00"}}
{"id":"33671e9c-df68-4373-b8cf-b3714251118d","ts":"2025-11-12T03:51:28.736Z","type":"AddRecord","patientId":"raj01","by":"iotclient","record":{"bp":"139/74","sugar":132,"temperature":38.3,"deviceId":"simulator","ts":"2025-11-12T03:51:26.580582+00:00"}}
{"id":"6c18b179-091e-4430-965d-56a1cfac4832","ts":"2025-11-12T03:51:36.151Z","type":"AddRecord","patientId":"patient1","by":"iotclient","record":{"bp":"122/77","sugar":143,"temperature":37.1,"deviceId":"simulator","ts":"2025-11-12T03:51:33.957808+00:00"}}
{"id":"531fc20e-7b7f-4cb1-8efb-82769719a99d","ts":"2025-11-12T03:51:38.512Z","type":"AddRecord","patientId":"p-1762894425453","by":"iotclient","record":{"bp":"137/95","sugar":169,"temperature":37.7,"deviceId":"simulator","ts":"2025-11-12T03:51:36.355223+00:00"}}
{"id":"d7fc9a8c-ef64-4b2a-bc58-17fc4a75b323","ts":"2025-11-12T03:51:40.927Z","type":"AddRecord","patientId":"p-1762895183518","by":"iotclient","record":{"bp":"136/67","sugar":125,"temperature":37,"deviceId":"simulator","ts":"2025-11-12T03:51:38.723526+00:00"}}
{"id":"2968b3a6-ca23-40f7-b3d8-6f2772351046","ts":"2025-11-12T03:51:43.371Z","type":"AddRecord","patientId":"raj01","by":"iotclient","record":{"bp":"137/72","sugar":161,"temperature":38.4,"deviceId":"simulator","ts":"2025-11-12T03:51:41.136195+00:00"}}
{"id":"600c2960-98e9-4031-a4f8-558c9f2c7f90","ts":"2025-11-12T03:51:50.848Z","type":"AddRecord","patientId":"patient1","by":"iotclient","record":{"bp":"116/70","sugar":125,"temperature":37,"deviceId":"simulator","ts":"2025-11-12T03:51:48.593985+00:00"}}
{"id":"62d7a5c3-6717-467c-9855-86696e370058","ts":"2025-11-12T03:51:53.209Z","type":"AddRecord","patientId":"p-1762894425453","by":"iotclient","record":{"bp":"133/70","sugar":165,"temperature":36.6,"deviceId":"simulator","ts":"2025-11-12T03:51:51.060567+00:00"}}
{"id":"1ee04f75-78ef-4108-b073-8f17c64d3785","ts":"2025-11-12T04:15:31.649Z","type":"AddRecord","patientId":"patient1","by":"iotclient","record":{"bp":"140/75","sugar":73,"temperature":38.4,"deviceId":"simulator","ts":"2025-11-12T04:15:29.476980+00:00"}}
{"id":"bb9c015c-69d5-4ebb-bb5f-50e7c3e3b6a1","ts":"2025-11-12T04:15:34.024Z","type":"AddRecord","patientId":"p-1762894425453","by":"iotclient","record":{"bp":"135/77","sugar":126,"temperature":38.4,"deviceId":"simulator","ts":"2025-11-12T04:15:31.854947+00:00"}}
{"id":"0657f0f7-c4cc-491e-a8b0-1191b40ce279","ts":"2025-11-12T04:15:36.412Z","type":"AddRecord","patientId":"p-1762895183518","by":"iotclient","record":{"bp":"125/87","sugar":151,"temperature":36.1,"deviceId":"simulator","ts":"2025-11-12T04:15:34.234072+00:00"}}
{"id":"85ec23be-6a0e-437c-bcf7-f4b807e36ced","ts":"2025-11-12T04:15:38.783Z","type":"AddRecord","patientId":"raj01","by":"iotclient","record":{"bp":"138/82","sugar":100,"temperature":37.7,"deviceId":"simulator","ts":"2025-11-12T04:15:36.620235+00:00"}}
{"id":"90f182a8-33d3-471e-a0f8-e438e71bfd74","ts":"2025-11-12T04:15:46.180Z","type":"AddRecord","patientId":"patient1","by":"iotclient","record":{"bp":"140/92","sugar":150,"temperature":36.2,"deviceId":"simulator","ts":"2025-11-12T04:15:44.017496+00:00"}}
{"id":"52b0bb96-76fa-475e-b3e1-4b9aabdea562","ts":"2025-11-12T04:15:48.538Z","type":"AddRecord","patientId":"p-1762894425453","by":"iotclient","record":{"bp":"135/71","sugar":168,"temperature":38.5,"deviceId":"simulator","ts":"2025-11-12T04:15:46.385346+00:00"}}
{"id":"8db27be3-bc1b-4695-90f6-4fecce185463","ts":"2025-11-12T04:15:50.927Z","type":"AddRecord","patientId":"p-1762895183518","by":"iotclient","record":{"bp":"113/73","sugar":169,"temperature":38.5,"deviceId":"simulator","ts":"2025-11-12T04:15:48.745271+00:00"}}
{"id":"20a7dc56-ecc8-461a-ba3e-a27fa2e1948c","ts":"2025-11-12T04:15:53.271Z","type":"AddRecord","patientId":"raj01","by":"iotclient","record":{"bp":"127/77","sugar":99,"temperature":36.9,"deviceId":"simulator","ts":"2025-11-12T04:15:51.131910+00:00"}}
{"id":"3ba17bfb-b2a7-448d-9710-50101263749f","ts":"2025-11-12T04:16:00.631Z","type":"AddRecord","patientId":"patient1","by":"iotclient","record":{"bp":"140/72","sugar":90,"temperature":38.6,"deviceId":"simulator","ts":"2025-11-12T04:15:58.491792+00:00"}}
{"id":"b86759e5-b39f-4726-baad-acb968c5b620","ts":"2025-11-12T04:16:02.998Z","type":"AddRecord","patientId":"p-1762894425453","by":"iotclient","record":{"bp":"123/92","sugar":138,"temperature":37.6,"deviceId":"simulator","ts":"2025-11-12T04:16:00.838926+00:00"}}
{"id":"bf780f2b-2dab-4791-b2f1-6ea87c848239","ts":"2025-11-12T04:16:05.345Z","type":"AddRecord","patientId":"p-1762895183518","by":"iotclient","record":{"bp":"138/87","sugar":100,"temperature":37.5,"deviceId":"simulator","ts":"2025-11-12T04:16:03.202669+00:00"}}
{"id":"6964b208-920d-43df-a368-bd937d5d305e","ts":"2025-11-12T04:16:07.693Z","type":"AddRecord","patientId":"raj01","by":"iotclient","record":{"bp":"119/93","sugar":84,"temperature":37.6,"deviceId":"simulator","ts":"2025-11-12T04:16:05.551673+00:00"}}
{"id":"ef4c12f9-d87a-4bd5-856c-d90e2f1f60e6","ts":"2025-11-12T04:16:15.070Z","type":"AddRecord","patientId":"patient1","by":"iotclient","record":{"bp":"124/70","sugar":92,"temperature":36.5,"deviceId":"simulator","ts":"2025-11-12T04:16:12.918668+00:00"}}
{"id":"185a6329-61b0-4256-a0d0-ce7166fc6ef4","ts":"2025-11-12T04:16:17.433Z","type":"AddRecord","patientId":"p-1762894425453","by":"iotclient","record":{"bp":"124/94","sugar":153,"temperature":36.6,"deviceId":"simulator","ts":"2025-11-12T04:16:15.276091+00:00"}}
{"id":"9d5e3fba-6b56-4021-9562-56de63aa324d","ts":"2025-11-12T04:16:19.810Z","type":"AddRecord","patientId":"p-1762895183518","by":"iotclient","record":{"bp":"121/93","sugar":119,"temperature":36.9,"deviceId":"simulator","ts":"2025-11-12T04:16:17.640425+00:00"}}
{"id":"51fc0494-d4c2-4ac8-9b8e-d691e637e29c","ts":"2025-11-12T04:16:22.187Z","type":"AddRecord","patientId":"raj01","by":"iotclient","record":{"bp":"123/90","sugar":166,"temperature":36.8,"deviceId":"simulator","ts":"2025-11-12T04:16:20.014126+00:00"}}
{"id":"16b2afd8-5fd5-4511-83e5-b13bcafdc941","ts":"2025-11-12T04:16:29.571Z","type":"AddRecord","patientId":"patient1","by":"iotclient","record":{"bp":"120/94","sugar":178,"temperature":38.1,"deviceId":"simulator","ts":"2025-11-12T04:16:27.408322+00:00"}}
{"id":"d773aa5c-10cf-4c30-86cd-718b85c09c87","ts":"2025-11-12T04:16:31.945Z","type":"AddRecord","patientId":"p-1762894425453","by":"iotclient","record":{"bp":"112/92","sugar":178,"temperature":36.4,"deviceId":"simulator","ts":"2025-11-12T04:16:29.776424+00:00"}}
{"id":"b78a20a4-9b9d-4f99-9750-4bc7ba66a67d","ts":"2025-11-12T04:16:34.302Z","type":"AddRecord","patientId":"p-1762895183518","by":"iotclient","record":{"bp":"115/72","sugar":164,"temperature":38.3,"deviceId":"simulator","ts":"2025-11-12T04:16:32.150082+00:00"}}
{"id":"01721e8b-5880-45d3-823e-94eaf05c20c3","ts":"2025-11-12T04:16:36.649Z","type":"AddRecord","patientId":"raj01","by":"iotclient","record":{"bp":"135/70","sugar":92,"temperature":37.2,"deviceId":"simulator","ts":"2025-11-12T04:16:34.507529+00:00"}}
{"id":"f67069e1-21c8-42d0-b12f-1638c1cf321e","ts":"2025-11-12T04:16:44.062Z","type":"AddRecord","patientId":"patient1","by":"iotclient","record":{"bp":"139/82","sugar":123,"temperature":36.4,"deviceId":"simulator","ts":"2025-11-12T04:16:41.866545+00:00"}}
{"id":"f10efc08-5eb7-47a9-8853-fc7109d43e39","ts":"2025-11-12T04:16:46.454Z","type":"AddRecord","patientId":"p-1762894425453","by":"iotclient","record":{"bp":"111/89","sugar":156,"temperature":36.7,"deviceId":"simulator","ts":"2025-11-12T04:16:44.272470+00:00"}}
{"id":"b40ce37a-b1c4-43a8-ac44-08765fcd919b","ts":"2025-11-12T04:19:20.415Z","type":"AddRecord","patientId":"patient1","by":"iotclient","record":{"bp":"140/93","sugar":151,"temperature":36.6,"deviceId":"simulator","ts":"2025-11-12T04:19:18.249470+00:00"}}
{"id":"b02397b4-ad3c-4d6e-afad-0031a5589410","ts":"2025-11-12T04:19:22.760Z","type":"AddRecord","patientId":"p-1762894425453","by":"iotclient","record":{"bp":"127/78","sugar":117,"temperature":38.3,"deviceId":"simulator","ts":"2025-11-12T04:19:20.622260+00:00"}}
{"id":"e95fdc9c-dd56-46c1-b46b-08c66d2f6304","ts":"2025-11-12T04:19:25.155Z","type":"AddRecord","patientId":"p-1762895183518","by":"iotclient","record":{"bp":"138/68","sugar":176,"temperature":38,"deviceId":"simulator","ts":"2025-11-12T04:19:22.970357+00:00"}}
{"id":"920610f7-33e7-4ce1-90b2-fde80711ee01","ts":"2025-11-12T04:19:27.518Z","type":"AddRecord","patientId":"raj01","by":"iotclient","record":{"bp":"128/76","sugar":169,"temperature":36.2,"deviceId":"simulator","ts":"2025-11-12T04:19:25.364858+00:00"}}
{"id":"bec21a82-fd57-4290-8a62-d41af7b0f294","ts":"2025-11-12T04:19:34.875Z","type":"AddRecord","patientId":"patient1","by":"iotclient","record":{"bp":"128/86","sugar":89,"temperature":36.4,"deviceId":"simulator","ts":"2025-11-12T04:19:32.735962+00:00"}}
{"id":"29c1741b-2853-4720-b67d-2dad37cfb0c5","ts":"2025-11-12T04:19:37.239Z","type":"AddRecord","patientId":"p-1762894425453","by":"iotclient","record":{"bp":"134/71","sugar":139,"temperature":36.9,"deviceId":"simulator","ts":"2025-11-12T04:19:35.080446+00:00"}}
{"id":"89210840-ea5f-4f47-b18a-47863e7d3bbf","ts":"2025-11-12T04:19:39.602Z","type":"AddRecord","patientId":"p-1762895183518","by":"iotclient","record":{"bp":"125/84","sugar":176,"temperature":36.6,"deviceId":"simulator","ts":"2025-11-12T04:19:37.448880+00:00"}}
{"id":"07256a05-5b32-4a9a-870e-b8d68afdbbee","ts":"2025-11-12T04:19:42.019Z","type":"AddRecord","patientId":"raj01","by":"iotclient","record":{"bp":"131/95","sugar":173,"temperature":37.9,"deviceId":"simulator","ts":"2025-11-12T04:19:39.808142+00:00"}}
{"id":"aecc27ec-1f5e-4622-ad0d-790c0f05a2b3","ts":"2025-11-12T04:19:49.386Z","type":"AddRecord","patientId":"patient1","by":"iotclient","record":{"bp":"133/78","sugar":119,"temperature":36.9,"deviceId":"simulator","ts":"2025-11-12T04:19:47.233987+00:00"}}
{"id":"1f6df335-e0d1-4059-9b88-691c84a84f7e","ts":"2025-11-12T04:19:51.752Z","type":"AddRecord","patientId":"p-1762894425453","by":"iotclient","record":{"bp":"124/73","sugar":157,"temperature":37.4,"deviceId":"simulator","ts":"2025-11-12T04:19:49.595110+00:00"}}
{"id":"94566bd5-0639-4eff-ab04-1a7618344d2f","ts":"2025-11-12T04:19:54.124Z","type":"AddRecord","patientId":"p-1762895183518","by":"iotclient","record":{"bp":"124/86","sugar":157,"temperature":36.1,"deviceId":"simulator","ts":"2025-11-12T04:19:51.959264+00:00"}}
{"id":"b25d4639-00f7-4ee5-bc38-b9478af52602","ts":"2025-11-12T04:19:56.482Z","type":"AddRecord","patientId":"raj01","by":"iotclient","record":{"bp":"118/75","sugar":102,"temperature":37.3,"deviceId":"simulator","ts":"2025-11-12T04:19:54.332930+00:00"}}
{"id":"52a1524f-7a63-476b-be88-9dffb4cb3135","ts":"2025-11-12T04:20:03.876Z","type":"AddRecord","patientId":"patient1","by":"iotclient","record":{"bp":"118/81","sugar":157,"temperature":37.1,"deviceId":"simulator","ts":"2025-11-12T04:20:01.716221+00:00"}}
{"id":"3e839e91-6d60-4449-a86a-064638abeb0c","ts":"2025-11-12T04:22:58.279Z","type":"AddRecord","patientId":"patient1","by":"iotclient","record":{"bp":"118/93","sugar":110,"temperature":38.1,"deviceId":"simulator","ts":"2025-11-12T04:22:56.070447+00:00"}}
{"id":"b7956cf7-3d47-4eab-ae3d-7904d5ded16d","ts":"2025-11-12T04:23:00.664Z","type":"AddRecord","patientId":"p-1762894425453","by":"iotclient","record":{"bp":"128/75","sugar":176,"temperature":36.4,"deviceId":"simulator","ts":"2025-11-12T04:22:58.484514+00:00"}}
{"id":"9d5d4f95-04e8-4278-8a7b-6f6a745ac85a","ts":"2025-11-12T04:23:03.022Z","type":"AddRecord","patientId":"p-1762895183518","by":"iotclient","record":{"bp":"129/91","sugar":161,"temperature":38.6,"deviceId":"simulator","ts":"2025-11-12T04:23:00.872234+00:00"}}
{"id":"155093c0-9228-4450-8d91-1ea56a0f5d10","ts":"2025-11-12T04:23:05.366Z","type":"AddRecord","patientId":"raj01","by":"iotclient","record":{"bp":"134/86","sugar":131,"temperature":38,"deviceId":"simulator","ts":"2025-11-12T04:23:03.230165+00:00"}}
{"id":"2ca45f5e-0262-468b-b65a-c902d5909d24","ts":"2025-11-12T04:23:12.737Z","type":"AddRecord","patientId":"patient1","by":"iotclient","record":{"bp":"129/84","sugar":93,"temperature":36.6,"deviceId":"simulator","ts":"2025-11-12T04:23:10.590662+00:00"}}
{"id":"4d1e5d17-b527-4823-85a9-a64a135b5114","ts":"2025-11-12T04:23:15.090Z","type":"AddRecord","patientId":"p-1762894425453","by":"iotclient","record":{"bp":"138/68","sugar":105,"temperature":37,"deviceId":"simulator","ts":"2025-11-12T04:23:12.944863+00:00"}}
{"id":"af1c0558-7714-4b87-9254-db611b75962f","ts":"2025-11-12T04:23:17.459Z","type":"AddRecord","patientId":"p-1762895183518","by":"iotclient","record":{"bp":"140/90","sugar":148,"temperature":37.6,"deviceId":"simulator","ts":"2025-11-12T04:23:15.293508+00:00"}}
{"id":"43aab933-54c6-4c2c-8fe9-565a00fbc088","ts":"2025-11-12T04:23:19.832Z","type":"AddRecord","patientId":"raj01","by":"iotclient","record":{"bp":"138/91","sugar":116,"temperature":36,"deviceId":"simulator","ts":"2025-11-12T04:23:17.664820+00:00"}}
{"id":"e5ef8c4b-f5ab-4514-8f86-16e153691ae1","ts":"2025-11-12T04:23:27.314Z","type":"AddRecord","patientId":"patient1","by":"iotclient","record":{"bp":"120/94","sugar":175,"temperature":37.2,"deviceId":"simulator","ts":"2025-11-12T04:23:25.068920+00:00"}}
{"id":"c4d02bcf-bd03-45fa-932c-5487ce5b46e5","ts":"2025-11-12T04:23:29.816Z","type":"AddRecord","patientId":"p-1762894425453","by":"iotclient","record":{"bp":"121/86","sugar":107,"temperature":36.6,"deviceId":"simulator","ts":"2025-11-12T04:23:27.531366+00:00"}}
{"id":"f4761e59-adc3-4b46-873f-3476403ff9bb","ts":"2025-11-12T04:23:32.186Z","type":"AddRecord","patientId":"p-1762895183518","by":"iotclient","record":{"bp":"121/89","sugar":117,"temperature":38.1,"deviceId":"simulator","ts":"2025-11-12T04:23:30.021423+00:00"}}
{"id":"e0a4a49e-54d7-4f69-af13-46547a165919","ts":"2025-11-12T04:23:34.563Z","type":"AddRecord","patientId":"raj01","by":"iotclient","record":{"bp":"128/86","sugar":171,"temperature":37.7,"deviceId":"simulator","ts":"2025-11-12T04:23:32.391453+00:00"}}
{"id":"8a5e2059-fd51-455c-84b1-7bd017d1dace","ts":"2025-11-12T04:23:41.961Z","type":"AddRecord","patientId":"patient1","by":"iotclient","record":{"bp":"113/68","sugar":180,"temperature":37.3,"deviceId":"simulator","ts":"2025-11-12T04:23:39.795054+00:00"}}
{"id":"6920ef9e-3dc8-4d00-ad32-2f17dcd97e07","ts":"2025-11-12T04:23:44.341Z","type":"AddRecord","patientId":"p-1762894425453","by":"iotclient","record":{"bp":"113/72","sugar":75,"temperature":38.5,"deviceId":"simulator","ts":"2025-11-12T04:23:42.167943+00:00"}}
{"id":"51a430d1-74d6-403e-b81a-f089bfe66514","ts":"2025-11-12T04:23:46.723Z","type":"AddRecord","patientId":"p-1762895183518","by":"iotclient","record":{"bp":"133/77","sugar":95,"temperature":38,"deviceId":"simulator","ts":"2025-11-12T04:23:44.550744+00:00"}}
{"id":"6373500e-9c68-47ff-aef4-5296326b1298","ts":"2025-11-12T04:23:49.101Z","type":"AddRecord","patientId":"raj01","by":"iotclient","record":{"bp":"133/79","sugar":174,"temperature":36.6,"deviceId":"simulator","ts":"2025-11-12T04:23:46.930913+00:00"}}
{"id":"cd913dae-dce5-4d8c-9bb6-e953fc7e685a","ts":"2025-11-12T04:23:56.500Z","type":"AddRecord","patientId":"patient1","by":"iotclient","record":{"bp":"119/95","sugar":113,"temperature":36.7,"deviceId":"simulator","ts":"2025-11-12T04:23:54.318481+00:00"}}
{"id":"25661054-7c7c-47ff-bbde-a48b6fe9cfb0","ts":"2025-11-12T04:23:58.924Z","type":"AddRecord","patientId":"p-1762894425453","by":"iotclient","record":{"bp":"136/86","sugar":99,"temperature":38.2,"deviceId":"simulator","ts":"2025-11-12T04:23:56.721490+00:00"}}
{"id":"1f95e3c6-382a-4982-b3e4-f79639f2a418","ts":"2025-11-12T04:24:01.321Z","type":"AddRecord","patientId":"p-1762895183518","by":"iotclient","record":{"bp":"126/87","sugar":151,"temperature":36.6,"deviceId":"simulator","ts":"2025-11-12T04:23:59.142369+00:00"}}
{"id":"98322068-ac6a-4017-b7b6-93a3fe835163","ts":"2025-11-12T04:24:03.703Z","type":"AddRecord","patientId":"raj01","by":"iotclient","record":{"bp":"128/87","sugar":176,"temperature":37.1,"deviceId":"simulator","ts":"2025-11-12T04:24:01.541070+00:00"}}
{"id":"1fc21f1a-8b56-45a5-b562-4ace429a1393","ts":"2025-11-12T04:24:11.119Z","type":"AddRecord","patientId":"patient1","by":"iotclient","record":{"bp":"139/90","sugar":147,"temperature":37.8,"deviceId":"simulator","ts":"2025-11-12T04:24:08.931922+00:00"}}
{"id":"38e84303-0787-456f-8e98-c510c3b03cb1","ts":"2025-11-12T04:24:13.511Z","type":"AddRecord","patientId":"p-1762894425453","by":"iotclient","record":{"bp":"111/71","sugar":79,"temperature":37.3,"deviceId":"simulator","ts":"2025-11-12T04:24:11.327085+00:00"}}
{"id":"42db4689-6b86-46f2-8958-a279a340d77a","ts":"2025-11-12T04:28:46.857Z","type":"AddRecord","patientId":"patient1","by":"iotclient","record":{"bp":"123/78","sugar":100,"temperature":37.1,"deviceId":"simulator","ts":"2025-11-12T04:28:44.684533+00:00"}}
{"id":"438fd80d-56a8-4435-b8df-27136bdd0c00","ts":"2025-11-12T04:28:49.336Z","type":"AddRecord","patientId":"p-1762894425453","by":"iotclient","record":{"bp":"130/79","sugar":131,"temperature":37.6,"deviceId":"simulator","ts":"2025-11-12T04:28:47.080118+00:00"}}
{"id":"365cd079-c623-4d64-a13f-67325907ec2b","ts":"2025-11-12T04:28:51.734Z","type":"AddRecord","patientId":"p-1762895183518","by":"iotclient","record":{"bp":"135/87","sugar":161,"temperature":37.9,"deviceId":"simulator","ts":"2025-11-12T04:28:49.551648+00:00"}}
{"id":"665bc147-6663-41bf-837d-666192c2ec84","ts":"2025-11-12T04:28:54.098Z","type":"AddRecord","patientId":"raj01","by":"iotclient","record":{"bp":"126/91","sugar":117,"temperature":36.1,"deviceId":"simulator","ts":"2025-11-12T04:28:51.940878+00:00"}}
{"id":"4bf3bba0-3c73-4cf1-b2d6-76fe995c5345","ts":"2025-11-12T04:29:01.469Z","type":"AddRecord","patientId":"patient1","by":"iotclient","record":{"bp":"131/93","sugar":97,"temperature":37.6,"deviceId":"simulator","ts":"2025-11-12T04:28:59.317261+00:00"}}
{"id":"ec9189d9-111a-4d8c-9b92-a8dec4e472ee","ts":"2025-11-12T04:29:03.823Z","type":"AddRecord","patientId":"p-1762894425453","by":"iotclient","record":{"bp":"140/78","sugar":153,"temperature":37.1,"deviceId":"simulator","ts":"2025-11-12T04:29:01.678781+00:00"}}
{"id":"aa645d79-94d3-44d2-a045-978f6dcbc392","ts":"2025-11-12T04:29:06.177Z","type":"AddRecord","patientId":"p-1762895183518","by":"iotclient","record":{"bp":"132/92","sugar":142,"temperature":37.1,"deviceId":"simulator","ts":"2025-11-12T04:29:04.031682+00:00"}}
{"id":"098df81b-fb4b-4ef5-b856-4c8cd683018c","ts":"2025-11-12T04:29:08.528Z","type":"AddRecord","patientId":"raj01","by":"iotclient","record":{"bp":"139/68","sugar":149,"temperature":38,"deviceId":"simulator","ts":"2025-11-12T04:29:06.381986+00:00"}}
{"id":"c3875fbf-4cd0-4f59-ab0b-d514f9c6947a","ts":"2025-11-12T04:29:15.888Z","type":"AddRecord","patientId":"patient1","by":"iotclient","record":{"bp":"139/71","sugar":84,"temperature":38,"deviceId":"simulator","ts":"2025-11-12T04:29:13.747165+00:00"}}
{"id":"6523e265-89bd-4525-b257-a4986e597724","ts":"2025-11-12T04:29:18.283Z","type":"AddRecord","patientId":"p-1762894425453","by":"iotclient","record":{"bp":"123/78","sugar":90,"temperature":37.4,"deviceId":"simulator","ts":"2025-11-12T04:29:16.094081+00:00"}}
{"id":"1f98a92d-ff2b-405b-95ec-056af8e8172c","ts":"2025-11-12T04:29:20.640Z","type":"AddRecord","patientId":"p-1762895183518","by":"iotclient","record":{"bp":"138/71","sugar":160,"temperature":37.1,"deviceId":"simulator","ts":"2025-11-12T04:29:18.490066+00:00"}}
{"id":"fdaed5c6-afce-4672-8fb8-bb8ed59bab05","ts":"2025-11-12T04:29:22.990Z","type":"AddRecord","patientId":"raj01","by":"iotclient","record":{"bp":"124/83","sugar":161,"temperature":38.3,"deviceId":"simulator","ts":"2025-11-12T04:29:20.846340+00:00"}}
{"id":"7ba56597-96cc-4a2e-b6de-15335ede7515","ts":"2025-11-12T04:29:30.348Z","type":"AddRecord","patientId":"patient1","by":"iotclient","record":{"bp":"130/87","sugar":168,"temperature":36.7,"deviceId":"simulator","ts":"2025-11-12T04:29:28.207551+00:00"}}
{"id":"9060950c-02a6-433e-95c1-62c83a9b9504","ts":"2025-11-12T04:29:32.702Z","type":"AddRecord","patientId":"p-1762894425453","by":"iotclient","record":{"bp":"123/79","sugar":140,"temperature":37.3,"deviceId":"simulator","ts":"2025-11-12T04:29:30.553402+00:00"}}
{"id":"2adeb556-ea2a-4edd-912c-113e6be55e4d","ts":"2025-11-12T04:29:35.059Z","type":"AddRecord","patientId":"p-1762895183518","by":"iotclient","record":{"bp":"124/80","sugar":169,"temperature":36.3,"deviceId":"simulator","ts":"2025-11-12T04:29:32.908419+00:00"}}
{"id":"02cc05f1-7163-44e9-b255-4f85d0319adf","ts":"2025-11-12T04:29:37.418Z","type":"AddRecord","patientId":"raj01","by":"iotclient","record":{"bp":"130/74","sugar":137,"temperature":36,"deviceId":"simulator","ts":"2025-11-12T04:29:35.266734+00:00"}}
{"id":"082efccc-064b-4c5e-9c9f-5f71cb0d9cb3","ts":"2025-11-12T04:29:44.796Z","type":"AddRecord","patientId":"patient1","by":"iotclient","record":{"bp":"124/73","sugar":87,"temperature":36.5,"deviceId":"simulator","ts":"2025-11-12T04:29:42.634335+00:00"}}
{"id":"2180bcee-f861-4b80-8b0e-67353d3b3672","ts":"2025-11-12T04:29:47.161Z","type":"AddRecord","patientId":"p-1762894425453","by":"iotclient","record":{"bp":"129/92","sugar":177,"temperature":36.8,"deviceId":"simulator","ts":"2025-11-12T04:29:45.004501+00:00"}}
{"id":"e8e11177-dea5-404b-b751-999ec495a926","ts":"2025-11-12T04:29:49.522Z","type":"AddRecord","patientId":"p-1762895183518","by":"iotclient","record":{"bp":"112/89","sugar":82,"temperature":36.8,"deviceId":"simulator","ts":"2025-11-12T04:29:47.369314+00:00"}}
{"id":"2b8ffa8c-b3fa-426d-8469-78853e50733c","ts":"2025-11-12T04:29:51.873Z","type":"AddRecord","patientId":"raj01","by":"iotclient","record":{"bp":"122/76","sugar":84,"temperature":36.5,"deviceId":"simulator","ts":"2025-11-12T04:29:49.726584+00:00"}}
{"id":"302d754b-2ef9-4e05-88af-f9a166decc32","ts":"2025-11-12T04:29:59.247Z","type":"AddRecord","patientId":"patient1","by":"iotclient","record":{"bp":"116/74","sugar":177,"temperature":38.6,"deviceId":"simulator","ts":"2025-11-12T04:29:57.091490+00:00"}}
{"id":"cb82b4c2-1e0f-4461-a445-486b7b537dfa","ts":"2025-11-12T04:30:01.621Z","type":"AddRecord","patientId":"p-1762894425453","by":"iotclient","record":{"bp":"118/82","sugar":149,"temperature":36,"deviceId":"simulator","ts":"2025-11-12T04:29:59.473058+00:00"}}
{"id":"a2823063-765e-44bf-a8c1-02d43c1ffc6d","ts":"2025-11-12T04:30:03.974Z","type":"AddRecord","patientId":"p-1762895183518","by":"iotclient","record":{"bp":"136/94","sugar":96,"temperature":37.1,"deviceId":"simulator","ts":"2025-11-12T04:30:01.829976+00:00"}}
{"id":"e1068a4b-500c-4f2b-834d-f944eb77440b","ts":"2025-11-12T04:30:06.346Z","type":"AddRecord","patientId":"raj01","by":"iotclient","record":{"bp":"121/68","sugar":137,"temperature":36,"deviceId":"simulator","ts":"2025-11-12T04:30:04.181995+00:00"}}
{"id":"e2bbc0b7-2348-4f41-9392-4ec7411cae74","ts":"2025-11-12T04:30:13.716Z","type":"AddRecord","patientId":"patient1","by":"iotclient","record":{"bp":"136/87","sugar":151,"temperature":36.7,"deviceId":"simulator","ts":"2025-11-12T04:30:11.570577+00:00"}}
{"id":"416f71d1-d594-440c-a303-9e640271a952","ts":"2025-11-12T04:32:30.064Z","type":"AddRecord","patientId":"patient1","by":"iotclient","record":{"bp":"140/70","sugar":179,"temperature":38.2,"deviceId":"simulator","ts":"2025-11-12T04:32:27.922047+00:00"}}
{"id":"3b7b60e0-7708-4966-9a01-aefb645db7ea","ts":"2025-11-12T04:32:32.511Z","type":"AddRecord","patientId":"p-1762894425453","by":"iotclient","record":{"bp":"113/73","sugar":116,"temperature":38.2,"deviceId":"simulator","ts":"2025-11-12T04:32:30.282615+00:00"}}
{"id":"4ea403af-b01c-4006-994d-6aadd63fdbbe","ts":"2025-11-12T04:32:34.883Z","type":"AddRecord","patientId":"p-1762895183518","by":"iotclient","record":{"bp":"134/90","sugar":129,"temperature":37.6,"deviceId":"simulator","ts":"2025-11-12T04:32:32.728399+00:00"}}
{"id":"393191c9-b7a2-44ab-9bec-d9616749db07","ts":"2025-11-12T04:32:37.227Z","type":"AddRecord","patientId":"raj01","by":"iotclient","record":{"bp":"135/82","sugar":124,"temperature":38.5,"deviceId":"simulator","ts":"2025-11-12T04:32:35.085216+00:00"}}
{"id":"9cd409cc-ec99-4974-8f51-34057665cca2","ts":"2025-11-12T04:32:44.595Z","type":"AddRecord","patientId":"patient1","by":"iotclient","record":{"bp":"130/80","sugar":92,"temperature":36.9,"deviceId":"simulator","ts":"2025-11-12T04:32:42.443596+00:00"}}
{"id":"c37c3def-ec9e-4c28-9d3d-e75e0f7fae78","ts":"2025-11-12T04:32:47.010Z","type":"AddRecord","patientId":"p-1762894425453","by":"iotclient","record":{"bp":"138/72","sugar":140,"temperature":38.1,"deviceId":"simulator","ts":"2025-11-12T04:32:44.807425+00:00"}}
{"id":"5e30e595-5f38-47c4-ad4c-84ecb699ba7c","ts":"2025-11-12T04:32:49.375Z","type":"AddRecord","patientId":"p-1762895183518","by":"iotclient","record":{"bp":"134/86","sugar":121,"temperature":36.4,"deviceId":"simulator","ts":"2025-11-12T04:32:47.216539+00:00"}}
{"id":"816ef0e9-ac91-4eec-bb21-0331dd330ddf","ts":"2025-11-12T04:32:51.728Z","type":"AddRecord","patientId":"raj01","by":"iotclient","record":{"bp":"115/72","sugar":134,"temperature":36.7,"deviceId":"simulator","ts":"2025-11-12T04:32:49.579527+00:00"}}
{"id":"fd88f952-d24d-463a-8d52-21b313f85fe8","ts":"2025-11-12T04:32:59.093Z","type":"AddRecord","patientId":"patient1","by":"iotclient","record":{"bp":"127/70","sugar":167,"temperature":37.7,"deviceId":"simulator","ts":"2025-11-12T04:32:56.939558+00:00"}}
{"id":"1f6308eb-7284-45d8-87da-66b9f1545e2d","ts":"2025-11-12T04:33:01.450Z","type":"AddRecord","patientId":"p-1762894425453","by":"iotclient","record":{"bp":"111/94","sugar":138,"temperature":36.8,"deviceId":"simulator","ts":"2025-11-12T04:32:59.302096+00:00"}}
{"id":"cbe9dc8b-7c82-4964-8c73-d42bb091a0d0","ts":"2025-11-12T04:33:03.812Z","type":"AddRecord","patientId":"p-1762895183518","by":"iotclient","record":{"bp":"135/69","sugar":157,"temperature":36.7,"deviceId":"simulator","ts":"2025-11-12T04:33:01.656104+00:00"}}
{"id":"73c9ffbe-e451-4c99-aff1-c5491f2797ac","ts":"2025-11-12T04:33:06.178Z","type":"AddRecord","patientId":"raj01","by":"iotclient","record":{"bp":"126/92","sugar":91,"temperature":38.6,"deviceId":"simulator","ts":"2025-11-12T04:33:04.020813+00:00"}}
{"id":"58a295f2-98f3-409d-bc13-36c50a97788e","ts":"2025-11-12T04:33:13.529Z","type":"AddRecord","patientId":"patient1","by":"iotclient","record":{"bp":"114/82","sugar":145,"temperature":36.6,"deviceId":"simulator","ts":"2025-11-12T04:33:11.394949+00:00"}}
{"id":"d6ad8216-a70d-409b-bd33-ff37f6919880","ts":"2025-11-12T04:33:15.897Z","type":"AddRecord","patientId":"p-1762894425453","by":"iotclient","record":{"bp":"128/73","sugar":116,"temperature":37.8,"deviceId":"simulator","ts":"2025-11-12T04:33:13.735437+00:00"}}
{"id":"8be57ef4-f7bc-426e-922a-d38f34d0f2c6","ts":"2025-11-12T04:33:18.255Z","type":"AddRecord","patientId":"p-1762895183518","by":"iotclient","record":{"bp":"133/80","sugar":105,"temperature":36.5,"deviceId":"simulator","ts":"2025-11-12T04:33:16.102392+00:00"}}
{"id":"60966ac0-b276-424e-a6d3-ab177c996fa6","ts":"2025-11-12T04:33:20.619Z","type":"AddRecord","patientId":"raj01","by":"iotclient","record":{"bp":"126/75","sugar":152,"temperature":37.2,"deviceId":"simulator","ts":"2025-11-12T04:33:18.462063+00:00"}}
{"id":"b685a9c2-9604-408f-a012-50ff7ff261aa","ts":"2025-11-12T04:33:28.007Z","type":"AddRecord","patientId":"patient1","by":"iotclient","record":{"bp":"138/78","sugar":161,"temperature":37.2,"deviceId":"simulator","ts":"2025-11-12T04:33:25.845098+00:00"}}
{"id":"b4f69561-ed89-4845-bc2f-792ce5fb3364","ts":"2025-11-12T04:33:30.415Z","type":"AddRecord","patientId":"p-1762894425453","by":"iotclient","record":{"bp":"115/84","sugar":153,"temperature":37.8,"deviceId":"simulator","ts":"2025-11-12T04:33:28.216260+00:00"}}
{"id":"481e9c76-74c8-4aff-930b-357f189b900e","ts":"2025-11-12T04:33:32.783Z","type":"AddRecord","patientId":"p-1762895183518","by":"iotclient","record":{"bp":"131/74","sugar":83,"temperature":37.2,"deviceId":"simulator","ts":"2025-11-12T04:33:30.624734+00:00"}}
{"id":"e3b7a042-d731-4797-bbd4-a654498a3623","ts":"2025-11-12T04:33:35.164Z","type":"AddRecord","patientId":"raj01","by":"iotclient","record":{"bp":"116/87","sugar":168,"temperature":37.7,"deviceId":"simulator","ts":"2025-11-12T04:33:32.989985+00:00"}}
{"id":"3966a540-6409-4bdb-8b7d-67bcda111d72","ts":"2025-11-12T04:33:37.866Z","type":"CreatePatient","patientId":"pankaj","by":"admin"}
{"id":"0144840a-82f9-4f91-91f8-6f1bbb40a0fe","ts":"2025-11-12T04:33:42.535Z","type":"AddRecord","patientId":"patient1","by":"iotclient","record":{"bp":"140/72","sugar":102,"temperature":36.9,"deviceId":"simulator","ts":"2025-11-12T04:33:40.383235+00:00"}}
{"id":"9447e81f-7730-4ba2-9064-f736a42f4f6b","ts":"2025-11-12T04:33:44.919Z","type":"AddRecord","patientId":"p-1762894425453","by":"iotclient","record":{"bp":"133/85","sugar":170,"temperature":36.9,"deviceId":"simulator","ts":"2025-11-12T04:33:42.742613+00:00"}}
{"id":"147934fd-e3d5-4d9f-8e92-de4947e0394d","ts":"2025-11-12T04:33:47.349Z","type":"AddRecord","patientId":"p-1762895183518","by":"iotclient","record":{"bp":"137/90","sugar":111,"temperature":37.8,"deviceId":"simulator","ts":"2025-11-12T04:33:45.129581+00:00"}}
{"id":"e1e7c9df-642c-4eb9-a483-edf4e1a6a794","ts":"2025-11-12T04:33:49.800Z","type":"AddRecord","patientId":"raj01","by":"iotclient","record":{"bp":"111/67","sugar":96,"temperature":38.1,"deviceId":"simulator","ts":"2025-11-12T04:33:47.567532+00:00"}}
{"id":"33a128c5-a71c-4da4-a0f5-9e052cca2f5b","ts":"2025-11-12T04:33:52.230Z","type":"AddRecord","patientId":"pankaj","by":"iotclient","record":{"bp":"110/70","sugar":116,"temperature":36.4,"deviceId":"simulator","ts":"2025-11-12T04:33:50.013451+00:00"}}
{"id":"0293ae88-000f-4771-9f45-1890962d6f80","ts":"2025-11-12T04:33:59.605Z","type":"AddRecord","patientId":"patient1","by":"iotclient","record":{"bp":"127/69","sugar":129,"temperature":36.3,"deviceId":"simulator","ts":"2025-11-12T04:33:57.449382+00:00"}}
{"id":"54942819-a0a1-4221-83fb-eec805f5b248","ts":"2025-11-12T04:34:01.960Z","type":"AddRecord","patientId":"p-1762894425453","by":"iotclient","record":{"bp":"113/66","sugar":151,"temperature":36.2,"deviceId":"simulator","ts":"2025-11-12T04:33:59.814124+00:00"}}
{"id":"3e391dd3-9fbe-40c3-b859-c96103980352","ts":"2025-11-12T04:34:04.311Z","type":"AddRecord","patientId":"p-1762895183518","by":"iotclient","record":{"bp":"124/92","sugar":178,"temperature":38.5,"deviceId":"simulator","ts":"2025-11-12T04:34:02.166060+00:00"}}
{"id":"2bb7ad6d-67b7-4a68-8758-cb3695456c34","ts":"2025-11-12T04:34:06.676Z","type":"AddRecord","patientId":"raj01","by":"iotclient","record":{"bp":"112/83","sugar":147,"temperature":37.3,"deviceId":"simulator","ts":"2025-11-12T04:34:04.519408+00:00"}}
{"id":"c036e1c4-b855-4957-90b4-63170d1826de","ts":"2025-11-12T04:34:09.041Z","type":"AddRecord","patientId":"pankaj","by":"iotclient","record":{"bp":"135/86","sugar":77,"temperature":36.1,"deviceId":"simulator","ts":"2025-11-12T04:34:06.886510+00:00"}}
{"id":"58efb325-9c44-4049-8612-824a717820a0","ts":"2025-11-12T04:34:16.429Z","type":"AddRecord","patientId":"patient1","by":"iotclient","record":{"bp":"117/81","sugar":81,"temperature":37.3,"deviceId":"simulator","ts":"2025-11-12T04:34:14.266847+00:00"}}
{"id":"a195b5d0-d6b9-4a67-815e-88f40a1317e3","ts":"2025-11-12T04:34:18.808Z","type":"AddRecord","patientId":"p-1762894425453","by":"iotclient","record":{"bp":"137/76","sugar":92,"temperature":38.4,"deviceId":"simulator","ts":"2025-11-12T04:34:16.641337+00:00"}}
{"id":"62d8d4e3-4d34-4476-8564-b892bba298be","ts":"2025-11-12T04:34:21.159Z","type":"AddRecord","patientId":"p-1762895183518","by":"iotclient","record":{"bp":"134/67","sugar":127,"temperature":38.5,"deviceId":"simulator","ts":"2025-11-12T04:34:19.014479+00:00"}}
{"id":"f108bf3d-2a3a-40f0-9b4c-dc88b131397a","ts":"2025-11-12T04:34:23.537Z","type":"AddRecord","patientId":"raj01","by":"iotclient","record":{"bp":"131/86","sugar":141,"temperature":37,"deviceId":"simulator","ts":"2025-11-12T04:34:21.368669+00:00"}}
{"id":"12d5fc65-dce5-4b37-95b3-fab0b8036026","ts":"2025-11-12T04:34:25.891Z","type":"AddRecord","patientId":"pankaj","by":"iotclient","record":{"bp":"115/80","sugar":176,"temperature":38,"deviceId":"simulator","ts":"2025-11-12T04:34:23.742801+00:00"}}
{"id":"e09d28f7-5dd5-4ca5-9c91-6298ae32fcc2","ts":"2025-11-12T04:34:33.270Z","type":"AddRecord","patientId":"patient1","by":"iotclient","record":{"bp":"120/65","sugar":165,"temperature":36.1,"deviceId":"simulator","ts":"2025-11-12T04:34:31.113318+00:00"}}
{"id":"ea5b5da2-cd9a-478e-baa0-8a98b40047a5","ts":"2025-11-12T04:34:35.644Z","type":"AddRecord","patientId":"p-1762894425453","by":"iotclient","record":{"bp":"120/69","sugar":178,"temperature":36,"deviceId":"simulator","ts":"2025-11-12T04:34:33.479347+00:00"}}
{"id":"92dac529-7dac-4e6b-bd27-81effc674a66","ts":"2025-11-12T04:34:38.002Z","type":"AddRecord","patientId":"p-1762895183518","by":"iotclient","record":{"bp":"129/87","sugar":141,"temperature":38,"deviceId":"simulator","ts":"2025-11-12T04:34:35.849217+00:00"}}
{"id":"edeb47ac-5f9c-4632-aaf2-aedbf7c02aac","ts":"2025-11-12T04:34:40.359Z","type":"AddRecord","patientId":"raj01","by":"iotclient","record":{"bp":"114/74","sugar":124,"temperature":38.1,"deviceId":"simulator","ts":"2025-11-12T04:34:38.206553+00:00"}}
{"id":"b636932c-0af9-4826-909e-334a913dacd9","ts":"2025-11-12T04:34:42.728Z","type":"AddRecord","patientId":"pankaj","by":"iotclient","record":{"bp":"126/73","sugar":120,"temperature":36.6,"deviceId":"simulator","ts":"2025-11-12T04:34:40.570168+00:00"}}
{"id":"2739d1e7-f351-4204-b189-3c993884f1e4","ts":"2025-11-12T04:34:50.212Z","type":"AddRecord","patientId":"patient1","by":"iotclient","record":{"bp":"125/77","sugar":143,"temperature":37.5,"deviceId":"simulator","ts":"2025-11-12T04:34:47.975450+00:00"}}
{"id":"5230b3ee-842e-4626-9197-63e747a04613","ts":"2025-11-12T04:34:52.588Z","type":"AddRecord","patientId":"p-1762894425453","by":"iotclient","record":{"bp":"121/78","sugar":85,"temperature":37.1,"deviceId":"simulator","ts":"2025-11-12T04:34:50.419010+00:00"}}
{"id":"792ef1b6-911b-45ca-9a1d-7f37ded32d4e","ts":"2025-11-12T04:34:54.992Z","type":"AddRecord","patientId":"p-1762895183518","by":"iotclient","record":{"bp":"128/83","sugar":108,"temperature":37.4,"deviceId":"simulator","ts":"2025-11-12T04:34:52.810474+00:00"}}
{"id":"c4c0215c-401a-404f-b1e5-6925f4caa229","ts":"2025-11-12T04:34:57.357Z","type":"AddRecord","patientId":"raj01","by":"iotclient","record":{"bp":"117/82","sugar":118,"temperature":37.2,"deviceId":"simulator","ts":"2025-11-12T04:34:55.199023+00:00"}}
{"id":"83e650fe-d106-47d0-adb1-abd0078dc807","ts":"2025-11-12T04:34:59.733Z","type":"AddRecord","patientId":"pankaj","by":"iotclient","record":{"bp":"113/78","sugar":89,"temperature":37.5,"deviceId":"simulator","ts":"2025-11-12T04:34:57.565550+00:00"}}
{"id":"a348f054-bfa7-4199-b7fe-57346d52697b","ts":"2025-11-12T04:35:07.149Z","type":"AddRecord","patientId":"patient1","by":"iotclient","record":{"bp":"113/69","sugar":83,"temperature":37.9,"deviceId":"simulator","ts":"2025-11-12T04:35:04.966324+00:00"}}
{"id":"0fb1f4fb-347d-4ce3-89ce-d4f80109cb91","ts":"2025-11-12T04:35:09.535Z","type":"AddRecord","patientId":"p-1762894425453","by":"iotclient","record":{"bp":"113/93","sugar":129,"temperature":36.7,"deviceId":"simulator","ts":"2025-11-12T04:35:07.357072+00:00"}}
{"id":"e3fc5949-c082-4d2d-b676-d3b12a273931","ts":"2025-11-12T04:35:11.938Z","type":"AddRecord","patientId":"p-1762895183518","by":"iotclient","record":{"bp":"118/82","sugar":80,"temperature":38.4,"deviceId":"simulator","ts":"2025-11-12T04:35:09.741927+00:00"}}
{"id":"4a0a2f47-1a9d-4b23-b9ce-44e9b5f9f4a2","ts":"2025-11-12T04:35:14.320Z","type":"AddRecord","patientId":"raj01","by":"iotclient","record":{"bp":"126/67","sugar":130,"temperature":38.4,"deviceId":"simulator","ts":"2025-11-12T04:35:12.165202+00:00"}}
{"id":"22674246-0da4-451b-9876-b9877410bb3f","ts":"2025-11-12T04:35:16.712Z","type":"AddRecord","patientId":"pankaj","by":"iotclient","record":{"bp":"110/67","sugar":95,"temperature":37,"deviceId":"simulator","ts":"2025-11-12T04:35:14.534834+00:00"}}
{"id":"a8043da8-bdf0-489b-a671-698eb3ec1dad","ts":"2025-11-12T04:35:57.392Z","type":"AddRecord","patientId":"patient1","by":"iotclient","record":{"bp":"120/86","sugar":178,"temperature":38.5,"deviceId":"simulator","ts":"2025-11-12T04:35:55.167582+00:00"}}
{"id":"8b0708e4-5452-4799-a5f5-c698d32c40fb","ts":"2025-11-12T04:35:59.715Z","type":"AddRecord","patientId":"p-1762894425453","by":"iotclient","record":{"bp":"132/88","sugar":180,"temperature":37.9,"deviceId":"simulator","ts":"2025-11-12T04:35:57.601934+00:00"}}
{"id":"4afb5d26-65e1-40f0-9336-8b023f2552b0","ts":"2025-11-12T04:36:02.082Z","type":"AddRecord","patientId":"p-1762895183518","by":"iotclient","record":{"bp":"114/93","sugar":171,"temperature":36.9,"deviceId":"simulator","ts":"2025-11-12T04:35:59.923909+00:00"}}
{"id":"c3fa7dec-fede-45d7-8b95-257bc2070561","ts":"2025-11-12T04:36:04.400Z","type":"AddRecord","patientId":"raj01","by":"iotclient","record":{"bp":"139/78","sugar":127,"temperature":36.4,"deviceId":"simulator","ts":"2025-11-12T04:36:02.288321+00:00"}}
{"id":"bb7c9082-9e72-4a65-a646-78b62f63ca60","ts":"2025-11-12T04:36:06.761Z","type":"AddRecord","patientId":"pankaj","by":"iotclient","record":{"bp":"139/66","sugar":167,"temperature":38.5,"deviceId":"simulator","ts":"2025-11-12T04:36:04.605845+00:00"}}
{"id":"4b1557ff-9c0e-4ebd-93df-15dccf2826e6","ts":"2025-11-12T04:36:14.142Z","type":"AddRecord","patientId":"patient1","by":"iotclient","record":{"bp":"118/75","sugar":84,"temperature":36.2,"deviceId":"simulator","ts":"2025-11-12T04:36:11.989812+00:00"}}
{"id":"f0a5e01c-3aa9-486d-90d0-a62bceb981e9","ts":"2025-11-12T04:36:16.545Z","type":"AddRecord","patientId":"p-1762894425453","by":"iotclient","record":{"bp":"133/86","sugar":80,"temperature":37.9,"deviceId":"simulator","ts":"2025-11-12T04:36:14.349064+00:00"}}
{"id":"e128ab82-1f59-405a-af42-e1994a8c332d","ts":"2025-11-12T04:36:18.942Z","type":"AddRecord","patientId":"p-1762895183518","by":"iotclient","record":{"bp":"128/91","sugar":158,"temperature":38.5,"deviceId":"simulator","ts":"2025-11-12T04:36:16.754513+00:00"}}
{"id":"7d12644a-4ee3-4433-92d5-8ebaddf521cb","ts":"2025-11-12T04:36:21.271Z","type":"AddRecord","patientId":"raj01","by":"iotclient","record":{"bp":"137/92","sugar":95,"temperature":38.5,"deviceId":"simulator","ts":"2025-11-12T04:36:19.150648+00:00"}}
{"id":"c3b5e47e-0bba-4ba4-93f1-2ae0a05c12ab","ts":"2025-11-12T04:36:23.618Z","type":"AddRecord","patientId":"pankaj","by":"iotclient","record":{"bp":"135/91","sugar":103,"temperature":38,"deviceId":"simulator","ts":"2025-11-12T04:36:21.479039+00:00"}}
{"id":"0471c51a-7837-492d-b2b3-1f9e57b53b12","ts":"2025-11-12T04:36:31.001Z","type":"AddRecord","patientId":"patient1","by":"iotclient","record":{"bp":"121/77","sugar":150,"temperature":36.2,"deviceId":"simulator","ts":"2025-11-12T04:36:28.838723+00:00"}}
{"id":"aac3ceec-a076-445b-a750-6cbd76254183","ts":"2025-11-12T04:36:33.374Z","type":"AddRecord","patientId":"p-1762894425453","by":"iotclient","record":{"bp":"134/90","sugar":89,"temperature":37.4,"deviceId":"simulator","ts":"2025-11-12T04:36:31.209604+00:00"}}
{"id":"cf5df357-3709-4796-a4bd-36dc013e012a","ts":"2025-11-12T04:36:35.750Z","type":"AddRecord","patientId":"p-1762895183518","by":"iotclient","record":{"bp":"133/85","sugar":106,"temperature":36.3,"deviceId":"simulator","ts":"2025-11-12T04:36:33.581304+00:00"}}
{"id":"158ebe3c-68f2-43ab-abf0-598c707f418c","ts":"2025-11-12T04:36:38.129Z","type":"AddRecord","patientId":"raj01","by":"iotclient","record":{"bp":"121/94","sugar":146,"temperature":37.9,"deviceId":"simulator","ts":"2025-11-12T04:36:35.958648+00:00"}}
{"id":"f037c58d-f940-4c09-b2e0-8f1594dc84d0","ts":"2025-11-12T04:36:40.438Z","type":"AddRecord","patientId":"pankaj","by":"iotclient","record":{"bp":"122/73","sugar":110,"temperature":38,"deviceId":"simulator","ts":"2025-11-12T04:36:38.335557+00:00"}}
{"id":"674d0077-8350-4387-a202-0dedf085649e","ts":"2025-11-12T04:36:47.817Z","type":"AddRecord","patientId":"patient1","by":"iotclient","record":{"bp":"132/65","sugar":103,"temperature":37.1,"deviceId":"simulator","ts":"2025-11-12T04:36:45.662552+00:00"}}
{"id":"8e698f09-5fed-40df-bb4b-a719434f3b9c","ts":"2025-11-12T04:36:50.259Z","type":"AddRecord","patientId":"p-1762894425453","by":"iotclient","record":{"bp":"137/73","sugar":100,"temperature":37.8,"deviceId":"simulator","ts":"2025-11-12T04:36:48.028793+00:00"}}
{"id":"850263f9-fa7f-4e1b-a25a-9d78bb049fe7","ts":"2025-11-12T04:36:52.621Z","type":"AddRecord","patientId":"p-1762895183518","by":"iotclient","record":{"bp":"130/65","sugar":119,"temperature":36.6,"deviceId":"simulator","ts":"2025-11-12T04:36:50.467617+00:00"}}
{"id":"d9945296-70a8-4cd3-b693-dacded11b41a","ts":"2025-11-12T04:36:54.981Z","type":"AddRecord","patientId":"raj01","by":"iotclient","record":{"bp":"120/69","sugar":173,"temperature":37.7,"deviceId":"simulator","ts":"2025-11-12T04:36:52.830834+00:00"}}
{"id":"6b9a9c0a-53c0-409d-b636-cd99e98c8d7d","ts":"2025-11-12T04:36:57.358Z","type":"AddRecord","patientId":"pankaj","by":"iotclient","record":{"bp":"139/93","sugar":161,"temperature":36.5,"deviceId":"simulator","ts":"2025-11-12T04:36:55.187025+00:00"}}
{"id":"38720d47-1d3a-45b6-a47e-86b9ef865efe","ts":"2025-11-12T04:37:04.722Z","type":"AddRecord","patientId":"patient1","by":"iotclient","record":{"bp":"137/94","sugar":73,"temperature":36.7,"deviceId":"simulator","ts":"2025-11-12T04:37:02.580367+00:00"}}
{"id":"2437bf48-841c-4e7f-9bb7-d8f20deef3e8","ts":"2025-11-12T04:37:07.077Z","type":"AddRecord","patientId":"p-1762894425453","by":"iotclient","record":{"bp":"128/80","sugar":180,"temperature":38.1,"deviceId":"simulator","ts":"2025-11-12T04:37:04.927806+00:00"}}
{"id":"6324d0a8-af2f-4a81-bce2-155f876cb097","ts":"2025-11-12T04:37:09.435Z","type":"AddRecord","patientId":"p-1762895183518","by":"iotclient","record":{"bp":"132/88","sugar":163,"temperature":36.2,"deviceId":"simulator","ts":"2025-11-12T04:37:07.281847+00:00"}}
{"id":"1d2aa385-5c08-4a80-a902-934e90edb0dd","ts":"2025-11-12T04:37:11.837Z","type":"AddRecord","patientId":"raj01","by":"iotclient","record":{"bp":"114/79","sugar":166,"temperature":37.6,"deviceId":"simulator","ts":"2025-11-12T04:37:09.654172+00:00"}}
{"id":"cf87694b-44b2-4223-a115-aef2f22c0b03","ts":"2025-11-12T04:37:14.215Z","type":"AddRecord","patientId":"pankaj","by":"iotclient","record":{"bp":"127/72","sugar":180,"temperature":38.4,"deviceId":"simulator","ts":"2025-11-12T04:37:12.044646+00:00"}}
{"id":"753e93c3-6abd-4421-aac4-a19218a24438","ts":"2025-11-12T04:37:21.683Z","type":"AddRecord","patientId":"patient1","by":"iotclient","record":{"bp":"132/82","sugar":95,"temperature":38.5,"deviceId":"simulator","ts":"2025-11-12T04:37:19.508097+00:00"}}
{"id":"95fac340-4b4a-483d-a330-41d2fcc20eec","ts":"2025-11-12T04:37:24.070Z","type":"AddRecord","patientId":"p-1762894425453","by":"iotclient","record":{"bp":"119/65","sugar":176,"temperature":36.3,"deviceId":"simulator","ts":"2025-11-12T04:37:21.893425+00:00"}}
